This is pdfTeX, Version 3.14159265-2.6-1.40.21 (TeX Live 2020/Arch Linux) (preloaded format=pdflatex 2021.1.19)  22 JAN 2021 13:46
entering extended mode
 restricted \write18 enabled.
 file:line:error style messages enabled.
 %&-line parsing enabled.
**main.tex
(./main.tex
LaTeX2e <2020-10-01> patch level 2
L3 programming layer <2020-12-03> xparse <2020-03-03> (/usr/share/texmf-dist/tex/latex/base/article.cls
Document Class: article 2020/04/10 v1.4m Standard LaTeX document class
(/usr/share/texmf-dist/tex/latex/base/size10.clo
File: size10.clo 2020/04/10 v1.4m Standard LaTeX file (size option)
)
\c@part=\count177
\c@section=\count178
\c@subsection=\count179
\c@subsubsection=\count180
\c@paragraph=\count181
\c@subparagraph=\count182
\c@figure=\count183
\c@table=\count184
\abovecaptionskip=\skip47
\belowcaptionskip=\skip48
\bibindent=\dimen138
) (/usr/share/texmf-dist/tex/latex/base/inputenc.sty
Package: inputenc 2020/08/01 v1.3d Input encoding file
\inpenc@prehook=\toks15
\inpenc@posthook=\toks16
) (/usr/share/texmf-dist/tex/latex/base/fontenc.sty
Package: fontenc 2020/08/10 v2.0s Standard LaTeX package
) (/usr/share/texmf-dist/tex/latex/base/textcomp.sty
Package: textcomp 2020/02/02 v2.0n Standard LaTeX package
) (/usr/share/texmf-dist/tex/generic/babel/babel.sty
Package: babel 2020/10/27 3.51 The Babel package
 (/usr/share/texmf-dist/tex/generic/babel/babel.def
File: babel.def 2020/10/27 3.51 Babel common definitions
\babel@savecnt=\count185
\U@D=\dimen139
\l@babelnohyphens=\language86
 (/usr/share/texmf-dist/tex/generic/babel/txtbabel.def)
\bbl@readstream=\read2
)
\bbl@dirlevel=\count186
Package babel Info: You haven't specified a language. I'll use 'nil'
(babel)             as the main language. Reported on input line 1151.
 (/usr/share/texmf-dist/tex/generic/babel/nil.ldf
Language: nil 2020/10/27 3.51 Nil language
\l@nil=\language87
)) (/usr/share/texmf-dist/tex/latex/amsmath/amsmath.sty
Package: amsmath 2020/09/23 v2.17i AMS math features
\@mathmargin=\skip49

For additional information on amsmath, use the `?' option.
(/usr/share/texmf-dist/tex/latex/amsmath/amstext.sty
Package: amstext 2000/06/29 v2.01 AMS text
 (/usr/share/texmf-dist/tex/latex/amsmath/amsgen.sty
File: amsgen.sty 1999/11/30 v2.0 generic functions
\@emptytoks=\toks17
\ex@=\dimen140
)) (/usr/share/texmf-dist/tex/latex/amsmath/amsbsy.sty
Package: amsbsy 1999/11/29 v1.2d Bold Symbols
\pmbraise@=\dimen141
) (/usr/share/texmf-dist/tex/latex/amsmath/amsopn.sty
Package: amsopn 2016/03/08 v2.02 operator names
)
\inf@bad=\count187
LaTeX Info: Redefining \frac on input line 234.
\uproot@=\count188
\leftroot@=\count189
LaTeX Info: Redefining \overline on input line 399.
\classnum@=\count190
\DOTSCASE@=\count191
LaTeX Info: Redefining \ldots on input line 496.
LaTeX Info: Redefining \dots on input line 499.
LaTeX Info: Redefining \cdots on input line 620.
\Mathstrutbox@=\box47
\strutbox@=\box48
\big@size=\dimen142
LaTeX Font Info:    Redeclaring font encoding OML on input line 743.
LaTeX Font Info:    Redeclaring font encoding OMS on input line 744.
\macc@depth=\count192
\c@MaxMatrixCols=\count193
\dotsspace@=\muskip16
\c@parentequation=\count194
\dspbrk@lvl=\count195
\tag@help=\toks18
\row@=\count196
\column@=\count197
\maxfields@=\count198
\andhelp@=\toks19
\eqnshift@=\dimen143
\alignsep@=\dimen144
\tagshift@=\dimen145
\tagwidth@=\dimen146
\totwidth@=\dimen147
\lineht@=\dimen148
\@envbody=\toks20
\multlinegap=\skip50
\multlinetaggap=\skip51
\mathdisplay@stack=\toks21
LaTeX Info: Redefining \[ on input line 2923.
LaTeX Info: Redefining \] on input line 2924.
) (/usr/share/texmf-dist/tex/latex/amsfonts/amssymb.sty
Package: amssymb 2013/01/14 v3.01 AMS font symbols
 (/usr/share/texmf-dist/tex/latex/amsfonts/amsfonts.sty
Package: amsfonts 2013/01/14 v3.01 Basic AMSFonts support
\symAMSa=\mathgroup4
\symAMSb=\mathgroup5
LaTeX Font Info:    Redeclaring math symbol \hbar on input line 98.
LaTeX Font Info:    Overwriting math alphabet `\mathfrak' in version `bold'
(Font)                  U/euf/m/n --> U/euf/b/n on input line 106.
)) (/usr/share/texmf-dist/tex/latex/enumitem/enumitem.sty
Package: enumitem 2019/06/20 v3.9 Customized lists
\enitkv@toks@=\toks22
\labelindent=\skip52
\enit@outerparindent=\dimen149
\enit@toks=\toks23
\enit@inbox=\box49
\enit@count@id=\count199
\enitdp@description=\count266
) (/usr/share/texmf-dist/tex/latex/graphics/graphicx.sty
Package: graphicx 2020/09/09 v1.2b Enhanced LaTeX Graphics (DPC,SPQR)
 (/usr/share/texmf-dist/tex/latex/graphics/keyval.sty
Package: keyval 2014/10/28 v1.15 key=value parser (DPC)
\KV@toks@=\toks24
) (/usr/share/texmf-dist/tex/latex/graphics/graphics.sty
Package: graphics 2020/08/30 v1.4c Standard LaTeX Graphics (DPC,SPQR)
 (/usr/share/texmf-dist/tex/latex/graphics/trig.sty
Package: trig 2016/01/03 v1.10 sin cos tan (DPC)
) (/usr/share/texmf-dist/tex/latex/graphics-cfg/graphics.cfg
File: graphics.cfg 2016/06/04 v1.11 sample graphics configuration
)
Package graphics Info: Driver file: pdftex.def on input line 105.
 (/usr/share/texmf-dist/tex/latex/graphics-def/pdftex.def
File: pdftex.def 2020/10/05 v1.2a Graphics/color driver for pdftex
))
\Gin@req@height=\dimen150
\Gin@req@width=\dimen151
) (/usr/share/texmf-dist/tex/latex/listings/listings.sty
\lst@mode=\count267
\lst@gtempboxa=\box50
\lst@token=\toks25
\lst@length=\count268
\lst@currlwidth=\dimen152
\lst@column=\count269
\lst@pos=\count270
\lst@lostspace=\dimen153
\lst@width=\dimen154
\lst@newlines=\count271
\lst@lineno=\count272
\lst@maxwidth=\dimen155
 (/usr/share/texmf-dist/tex/latex/listings/lstmisc.sty
File: lstmisc.sty 2020/03/24 1.8d (Carsten Heinz)
\c@lstnumber=\count273
\lst@skipnumbers=\count274
\lst@framebox=\box51
) (/usr/share/texmf-dist/tex/latex/listings/listings.cfg
File: listings.cfg 2020/03/24 1.8d listings configuration
))
Package: listings 2020/03/24 1.8d (Carsten Heinz)
 (/usr/share/texmf-dist/tex/latex/l3backend/l3backend-pdftex.def
File: l3backend-pdftex.def 2020-09-24 L3 backend support: PDF output (pdfTeX)
\l__kernel_color_stack_int=\count275
\l__pdf_internal_box=\box52
) (./main.aux)
LaTeX Font Info:    Checking defaults for OML/cmm/m/it on input line 24.
LaTeX Font Info:    ... okay on input line 24.
LaTeX Font Info:    Checking defaults for OMS/cmsy/m/n on input line 24.
LaTeX Font Info:    ... okay on input line 24.
LaTeX Font Info:    Checking defaults for OT1/cmr/m/n on input line 24.
LaTeX Font Info:    ... okay on input line 24.
LaTeX Font Info:    Checking defaults for T1/cmr/m/n on input line 24.
LaTeX Font Info:    ... okay on input line 24.
LaTeX Font Info:    Checking defaults for TS1/cmr/m/n on input line 24.
LaTeX Font Info:    ... okay on input line 24.
LaTeX Font Info:    Checking defaults for OMX/cmex/m/n on input line 24.
LaTeX Font Info:    ... okay on input line 24.
LaTeX Font Info:    Checking defaults for U/cmr/m/n on input line 24.
LaTeX Font Info:    ... okay on input line 24.
 (/usr/share/texmf-dist/tex/context/base/mkii/supp-pdf.mkii
[Loading MPS to PDF converter (version 2006.09.02).]
\scratchcounter=\count276
\scratchdimen=\dimen156
\scratchbox=\box53
\nofMPsegments=\count277
\nofMParguments=\count278
\everyMPshowfont=\toks26
\MPscratchCnt=\count279
\MPscratchDim=\dimen157
\MPnumerator=\count280
\makeMPintoPDFobject=\count281
\everyMPtoPDFconversion=\toks27
) (/usr/share/texmf-dist/tex/latex/epstopdf-pkg/epstopdf-base.sty
Package: epstopdf-base 2020-01-24 v2.11 Base part for package epstopdf
Package epstopdf-base Info: Redefining graphics rule for `.eps' on input line 485.
 (/usr/share/texmf-dist/tex/latex/latexconfig/epstopdf-sys.cfg
File: epstopdf-sys.cfg 2010/07/13 v1.3 Configuration of (r)epstopdf for TeX Live
))
\c@lstlisting=\count282
LaTeX Font Info:    Trying to load font information for U+msa on input line 26.
 (/usr/share/texmf-dist/tex/latex/amsfonts/umsa.fd
File: umsa.fd 2013/01/14 v3.01 AMS symbols A
)
LaTeX Font Info:    Trying to load font information for U+msb on input line 26.
 (/usr/share/texmf-dist/tex/latex/amsfonts/umsb.fd
File: umsb.fd 2013/01/14 v3.01 AMS symbols B
) (/usr/share/texmf-dist/tex/latex/listings/lstlang1.sty
File: lstlang1.sty 2020/03/24 1.8d listings language file
)
Underfull \hbox (badness 10000) in paragraph at lines 42--43

 []

<./LesMis_ego_vis.png, id=1, 687.2877pt x 704.6325pt>
File: ./LesMis_ego_vis.png Graphic file (type png)
<use ./LesMis_ego_vis.png>
Package pdftex.def Info: ./LesMis_ego_vis.png  used on input line 45.
(pdftex.def)             Requested size: 345.0pt x 353.70238pt.
<./LesMis_degree_dist.png, id=3, 687.2877pt x 704.6325pt>
File: ./LesMis_degree_dist.png Graphic file (type png)
<use ./LesMis_degree_dist.png>
Package pdftex.def Info: ./LesMis_degree_dist.png  used on input line 51.
(pdftex.def)             Requested size: 345.0pt x 353.70238pt.
<./power_degree_dist.png, id=4, 1434.8004pt x 732.5769pt>
File: ./power_degree_dist.png Graphic file (type png)
<use ./power_degree_dist.png>
Package pdftex.def Info: ./power_degree_dist.png  used on input line 59.
(pdftex.def)             Requested size: 345.0pt x 176.14621pt.
<./power_deg_dist_loglog.png, id=5, 714.2685pt x 719.0865pt>
File: ./power_deg_dist_loglog.png Graphic file (type png)
<use ./power_deg_dist_loglog.png>
Package pdftex.def Info: ./power_deg_dist_loglog.png  used on input line 65.
(pdftex.def)             Requested size: 345.0pt x 347.33012pt.
<./power_deg_dist_log.png, id=6, 714.2685pt x 719.0865pt>
File: ./power_deg_dist_log.png Graphic file (type png)
<use ./power_deg_dist_log.png>
Package pdftex.def Info: ./power_deg_dist_log.png  used on input line 71.
(pdftex.def)             Requested size: 345.0pt x 347.33012pt.
<./power_vis.png, id=7, 687.2877pt x 743.6583pt>
File: ./power_vis.png Graphic file (type png)
<use ./power_vis.png>
Package pdftex.def Info: ./power_vis.png  used on input line 77.
(pdftex.def)             Requested size: 345.0pt x 373.29204pt.
[1

{/var/lib/texmf/fonts/map/pdftex/updmap/pdftex.map}] [2 <./LesMis_ego_vis.png>] [3 <./LesMis_degree_dist.png> <./power_degree_dist.png>] [4 <./power_deg_dist_loglog.png>] [5 <./power_deg_dist_log.png>] [6 <./power_vis.png>]
<./bernoulli_var.png, id=44, 714.2685pt x 732.5769pt>
File: ./bernoulli_var.png Graphic file (type png)
<use ./bernoulli_var.png>
Package pdftex.def Info: ./bernoulli_var.png  used on input line 92.
(pdftex.def)             Requested size: 345.0pt x 353.8462pt.

Overfull \hbox (23.08182pt too wide) in paragraph at lines 97--97
[]\T1/cmr/m/n/10 I simulated 10000 random walkers and plotted the resulting position distribution
 []

[7 <./bernoulli_var.png>]
<./random_walk5000.png, id=53, 505.6491pt x 505.6491pt>
File: ./random_walk5000.png Graphic file (type png)
<use ./random_walk5000.png>
Package pdftex.def Info: ./random_walk5000.png  used on input line 109.
(pdftex.def)             Requested size: 345.0pt x 345.00958pt.
<./random_walk10000.png, id=54, 505.6491pt x 505.6491pt>
File: ./random_walk10000.png Graphic file (type png)
<use ./random_walk10000.png>
Package pdftex.def Info: ./random_walk10000.png  used on input line 114.
(pdftex.def)             Requested size: 345.0pt x 345.00958pt.
<./random_walk15000.png, id=55, 505.6491pt x 505.6491pt>
File: ./random_walk15000.png Graphic file (type png)
<use ./random_walk15000.png>
Package pdftex.def Info: ./random_walk15000.png  used on input line 119.
(pdftex.def)             Requested size: 345.0pt x 345.00958pt.
<./eig_dist_small.png, id=56, 714.2685pt x 732.5769pt>
File: ./eig_dist_small.png Graphic file (type png)
<use ./eig_dist_small.png>
Package pdftex.def Info: ./eig_dist_small.png  used on input line 126.
(pdftex.def)             Requested size: 345.0pt x 353.8462pt.
<./eig_dist_big.png, id=57, 714.2685pt x 732.5769pt>
File: ./eig_dist_big.png Graphic file (type png)
<use ./eig_dist_big.png>
Package pdftex.def Info: ./eig_dist_big.png  used on input line 131.
(pdftex.def)             Requested size: 345.0pt x 353.8462pt.
 [8 <./random_walk5000.png>] [9 <./random_walk10000.png>] [10 <./random_walk15000.png>] [11 <./eig_dist_small.png>] [12 <./eig_dist_big.png>]
Overfull \hbox (4.94846pt too wide) in paragraph at lines 146--147
\T1/cmr/m/n/10 matrices (and thus, more weakly, symmetric matrices) have real eigenvalues.
 []

[13]
<./small_clustering.png, id=82, 687.2877pt x 691.6239pt>
File: ./small_clustering.png Graphic file (type png)
<use ./small_clustering.png>
Package pdftex.def Info: ./small_clustering.png  used on input line 178.
(pdftex.def)             Requested size: 172.5pt x 173.58096pt.
 [14 <./small_clustering.png>] (./main.bbl) [15] (./main.aux) ) 
Here is how much of TeX's memory you used:
 5516 strings out of 479383
 73057 string characters out of 5875830
 556260 words of memory out of 5000000
 22562 multiletter control sequences out of 15000+600000
 416596 words of font info for 62 fonts, out of 8000000 for 9000
 1141 hyphenation exceptions out of 8191
 66i,8n,72p,697b,1258s stack positions out of 5000i,500n,10000p,200000b,80000s
{/usr/share/texmf-dist/fonts/enc/dvips/cm-super/cm-super-t1.enc}</usr/share/texmf-dist/fonts/type1/public/amsfonts/cm/cmex10.pfb></usr/share/texmf-dist/fonts/type1/public/amsfonts/cm/cmmi10.pfb></usr/share/texmf-dist/fonts/type1/public/amsfonts/cm/cmmi7.pfb></usr/share/texmf-dist/fonts/type1/public/amsfonts/cm/cmr10.pfb></usr/share/texmf-dist/fonts/type1/public/amsfonts/cm/cmr7.pfb></usr/share/texmf-dist/fonts/type1/public/amsfonts/cm/cmsy10.pfb></usr/share/texmf-dist/fonts/type1/public/amsfonts/cm/cmsy7.pfb></usr/share/texmf-dist/fonts/type1/public/cm-super/sfbx1440.pfb></usr/share/texmf-dist/fonts/type1/public/cm-super/sfrm0600.pfb></usr/share/texmf-dist/fonts/type1/public/cm-super/sfrm0700.pfb></usr/share/texmf-dist/fonts/type1/public/cm-super/sfrm0800.pfb></usr/share/texmf-dist/fonts/type1/public/cm-super/sfrm1000.pfb></usr/share/texmf-dist/fonts/type1/public/cm-super/sfrm1200.pfb></usr/share/texmf-dist/fonts/type1/public/cm-super/sfrm1728.pfb></usr/share/texmf-dist/fonts/type1/public/cm-super/sfti1000.pfb>
Output written on main.pdf (15 pages, 1511028 bytes).
PDF statistics:
 141 PDF objects out of 1000 (max. 8388607)
 82 compressed objects within 1 object stream
 0 named destinations out of 1000 (max. 500000)
 66 words of extra memory for PDF output out of 10000 (max. 10000000)

